<?xml version="1.0" encoding="UTF-8"?>
<!-- Generated by org.testng.reporters.JUnitReportReporter -->
<testsuite hostname="DESKTOP-8IDA3IV" failures="0" tests="6" name="kapsons.Kapsons_DDT" time="31.424" errors="0" timestamp="2022-04-22T14:47:36 IST" skipped="0">
  <testcase classname="kapsons.Kapsons_DDT" name="Kapsons_DDT1" time="4.557"/>
  <system-out/>
  <testcase classname="kapsons.Kapsons_DDT" name="Kapsons_DDT1" time="4.340"/>
  <system-out/>
  <testcase classname="kapsons.Kapsons_DDT" name="Kapsons_DDT1" time="4.814"/>
  <system-out/>
  <testcase classname="kapsons.Kapsons_DDT" name="Kapsons_DDT1" time="8.757"/>
  <system-out/>
  <testcase classname="kapsons.Kapsons_DDT" name="Kapsons_DDT1" time="4.388"/>
  <system-out/>
  <testcase classname="kapsons.Kapsons_DDT" name="Kapsons_DDT1" time="4.568"/>
  <system-out/>
</testsuite> <!-- kapsons.Kapsons_DDT -->
