<?xml version="1.0" encoding="UTF-8"?>
<!-- Generated by org.testng.reporters.JUnitReportReporter -->
<testsuite hostname="DESKTOP-8IDA3IV" failures="0" tests="8" name="kapsons.Kapsons_TestNG" time="250.286" errors="0" timestamp="2022-04-21T10:46:40 IST" skipped="0">
  <testcase classname="kapsons.Kapsons_TestNG" name="smokeTesting" time="27.365"/>
  <system-out/>
  <testcase classname="kapsons.Kapsons_TestNG" name="Fivemodules" time="171.872"/>
  <system-out/>
  <testcase classname="kapsons.Kapsons_TestNG" name="Kapsons_DDT" time="9.343"/>
  <system-out/>
  <testcase classname="kapsons.Kapsons_TestNG" name="Kapsons_DDT" time="8.740"/>
  <system-out/>
  <testcase classname="kapsons.Kapsons_TestNG" name="Kapsons_DDT" time="8.108"/>
  <system-out/>
  <testcase classname="kapsons.Kapsons_TestNG" name="Kapsons_DDT" time="7.955"/>
  <system-out/>
  <testcase classname="kapsons.Kapsons_TestNG" name="Kapsons_DDT" time="8.289"/>
  <system-out/>
  <testcase classname="kapsons.Kapsons_TestNG" name="Kapsons_DDT" time="8.614"/>
  <system-out/>
</testsuite> <!-- kapsons.Kapsons_TestNG -->
