<?xml version="1.0" encoding="UTF-8"?>
<!-- Generated by org.testng.reporters.JUnitReportReporter -->
<testsuite hostname="DESKTOP-8IDA3IV" failures="0" tests="6" name="kapsons.Kapsons_FiveModules" time="223.542" errors="0" timestamp="2022-04-26T07:07:43 IST" skipped="0">
  <testcase classname="kapsons.Kapsons_FiveModules" name="Fivemodules" time="21.334"/>
  <system-out/>
  <testcase classname="kapsons.Kapsons_FiveModules" name="smokeTesting" time="38.916"/>
  <system-out/>
  <testcase classname="kapsons.Kapsons_FiveModules" name="moduleTwo" time="29.604"/>
  <system-out/>
  <testcase classname="kapsons.Kapsons_FiveModules" name="moduleThree" time="24.745"/>
  <system-out/>
  <testcase classname="kapsons.Kapsons_FiveModules" name="moduleFour" time="17.006"/>
  <system-out/>
  <testcase classname="kapsons.Kapsons_FiveModules" name="modulesFive" time="91.937"/>
  <system-out/>
</testsuite> <!-- kapsons.Kapsons_FiveModules -->
